c:\users\nazar\desktop\visual studio\consoleapplication4\consoleapplication4\x64\debug\vc143.pdb
c:\users\nazar\desktop\visual studio\consoleapplication4\consoleapplication4\x64\debug\vc143.idb
c:\users\nazar\desktop\visual studio\consoleapplication4\consoleapplication4\x64\debug\ordinaryorder.obj
c:\users\nazar\desktop\visual studio\consoleapplication4\consoleapplication4\x64\debug\orders.obj
c:\users\nazar\desktop\visual studio\consoleapplication4\consoleapplication4\x64\debug\order.obj
c:\users\nazar\desktop\visual studio\consoleapplication4\consoleapplication4\x64\debug\insuredorder.obj
c:\users\nazar\desktop\visual studio\consoleapplication4\consoleapplication4\x64\debug\expressorder.obj
c:\users\nazar\desktop\visual studio\consoleapplication4\consoleapplication4\x64\debug\consoleapplication4.obj
c:\users\nazar\desktop\visual studio\consoleapplication4\x64\debug\consoleapplication4.pdb
c:\users\nazar\desktop\visual studio\consoleapplication4\consoleapplication4\x64\debug\consolea.fb2f67ed.tlog\cl.command.1.tlog
c:\users\nazar\desktop\visual studio\consoleapplication4\consoleapplication4\x64\debug\consolea.fb2f67ed.tlog\cl.read.1.tlog
c:\users\nazar\desktop\visual studio\consoleapplication4\consoleapplication4\x64\debug\consolea.fb2f67ed.tlog\cl.write.1.tlog
c:\users\nazar\desktop\visual studio\consoleapplication4\consoleapplication4\x64\debug\consolea.fb2f67ed.tlog\link-cvtres.read.1.tlog
c:\users\nazar\desktop\visual studio\consoleapplication4\consoleapplication4\x64\debug\consolea.fb2f67ed.tlog\link-cvtres.write.1.tlog
c:\users\nazar\desktop\visual studio\consoleapplication4\consoleapplication4\x64\debug\consolea.fb2f67ed.tlog\link-rc.read.1.tlog
c:\users\nazar\desktop\visual studio\consoleapplication4\consoleapplication4\x64\debug\consolea.fb2f67ed.tlog\link-rc.write.1.tlog
c:\users\nazar\desktop\visual studio\consoleapplication4\consoleapplication4\x64\debug\consolea.fb2f67ed.tlog\link.command.1.tlog
c:\users\nazar\desktop\visual studio\consoleapplication4\consoleapplication4\x64\debug\consolea.fb2f67ed.tlog\link.read.1.tlog
c:\users\nazar\desktop\visual studio\consoleapplication4\consoleapplication4\x64\debug\consolea.fb2f67ed.tlog\link.read.2.tlog
c:\users\nazar\desktop\visual studio\consoleapplication4\consoleapplication4\x64\debug\consolea.fb2f67ed.tlog\link.write.1.tlog
